<?xml version="1.0" encoding="UTF-8"?>
<!-- Generated by org.testng.reporters.JUnitXMLReporter -->
<testsuite ignored="0" hostname="AILT-100416" failures="0" tests="2" name="Default test" time="15.545" errors="0" timestamp="2024-11-06T15:49:02 IST">
  <testcase classname="com.audree.infotech.ums3_0.tests.masters.SoftwareTest" name="testSoftwareCreation" time="7.378"/>
  <testcase classname="com.audree.infotech.ums3_0.tests.masters.SoftwareTest" name="testSoftwareUpdation" time="3.916"/>
</testsuite> <!-- Default test -->
