<?xml version="1.0" encoding="UTF-8"?>
<!-- Generated by org.testng.reporters.JUnitXMLReporter -->
<testsuite ignored="0" hostname="AILT-100416" failures="0" tests="3" name="A" time="15.671" errors="0" timestamp="2024-11-05T15:49:02 IST">
  <testcase classname="com.audree.infotech.ums3_0.tests.masters.SoftwareTest" name="testSoftwareCreation" time="5.58"/>
  <testcase classname="com.audree.infotech.ums3_0.tests.masters.SoftwareTest" name="testSoftwareUpdation" time="2.448"/>
  <testcase classname="com.audree.infotech.ums3_0.tests.masters.JobRoleTest" name="testJobRoleCreation" time="4.142"/>
</testsuite> <!-- A -->
