<?xml version="1.0" encoding="UTF-8"?>
<!-- Generated by org.testng.reporters.JUnitXMLReporter -->
<testsuite ignored="0" hostname="AILT-100416" failures="0" tests="4" name="Masters Test" time="26.252" errors="0" timestamp="2024-11-06T17:55:53 IST">
  <testcase classname="com.audree.infotech.ums3_0.tests.masters.SoftwareTest" name="testSoftwareCreation" time="4.894"/>
  <testcase classname="com.audree.infotech.ums3_0.tests.masters.SoftwareTest" name="testSoftwareUpdation" time="2.465"/>
  <testcase classname="com.audree.infotech.ums3_0.tests.masters.JobRoleTest" name="testJobRoleCreation" time="1.86"/>
  <testcase classname="com.audree.infotech.ums3_0.tests.masters.ConfigurationsTest" name="testJobRoleCreation" time="9.953"/>
</testsuite> <!-- Masters Test -->
