<?xml version="1.0" encoding="UTF-8"?>
<!-- Generated by org.testng.reporters.JUnitXMLReporter -->
<testsuite ignored="0" hostname="AILT-100416" failures="1" tests="2" name="Software Test Suite" time="17.589" errors="0" timestamp="2024-11-05T15:18:31 IST">
  <testcase classname="com.audree.infotech.ums3_0.tests.masters.SoftwareTest" name="testSoftwareCreation" time="0.1">
    <failure type="java.lang.NullPointerException" message="Cannot invoke &amp;quot;java.util.Properties.getProperty(String)&amp;quot; because &amp;quot;this.pro&amp;quot; is null">
      <![CDATA[java.lang.NullPointerException: Cannot invoke "java.util.Properties.getProperty(String)" because "this.pro" is null
at com.audree.infotech.ums3_0.tests.masters.SoftwareTest.testSoftwareCreation(SoftwareTest.java:17)
at java.base/java.util.ArrayList.forEach(ArrayList.java:1511)
... Removed 25 stack frames]]>
    </failure>
  </testcase> <!-- testSoftwareCreation -->
  <testcase classname="com.audree.infotech.ums3_0.tests.masters.SoftwareTest" name="testSoftwareUpdation" time="10.197"/>
</testsuite> <!-- Software Test Suite -->
