<?xml version="1.0" encoding="UTF-8"?>
<!-- Generated by org.testng.reporters.JUnitXMLReporter -->
<testsuite ignored="0" hostname="AILT-100416" failures="0" tests="6" name="1_Initiator New Job Role Test" time="24.49" errors="0" timestamp="2024-11-05T16:42:31 IST">
  <testcase classname="com.audree.infotech.ums3_0.tests.Transcations.InitiatorNewJobRoleTest" name="testCreateJobRole" time="8.466"/>
  <testcase classname="com.audree.infotech.ums3_0.tests.Transcations.IHodNewJobRoleTest" name="testCreateJobRole" time="0.041"/>
  <testcase classname="com.audree.infotech.ums3_0.tests.Transcations.ReviewerTest" name="testReviewJobRole" time="0.036"/>
  <testcase classname="com.audree.infotech.ums3_0.tests.Transcations.FinalReviewerTest" name="testFinalReviewJobRole" time="0.848"/>
  <testcase classname="com.audree.infotech.ums3_0.tests.Transcations.ApproverTest" name="testCreateJobRole" time="0.994"/>
  <testcase classname="com.audree.infotech.ums3_0.tests.Transcations.CreatorTest" name="testCreateJobRole" time="0.086"/>
</testsuite> <!-- 1_Initiator New Job Role Test -->
