<?xml version="1.0" encoding="UTF-8"?>
<!-- Generated by org.testng.reporters.JUnitXMLReporter -->
<testsuite ignored="0" hostname="AILT-100416" failures="1" tests="1" name="Reviewer Test" time="0.035" errors="0" timestamp="2024-10-24T15:40:29 IST">
  <testcase classname="com.audree.infotech.ums3_0.tests.Transcations.ReviewerTest" name="testReviewJobRole" time="0.003">
    <failure type="java.lang.NullPointerException" message="Cannot invoke &amp;quot;java.util.Properties.getProperty(String)&amp;quot; because &amp;quot;this.pro&amp;quot; is null">
      <![CDATA[java.lang.NullPointerException: Cannot invoke "java.util.Properties.getProperty(String)" because "this.pro" is null
at com.audree.infotech.ums3_0.tests.Transcations.ReviewerTest.testReviewJobRole(ReviewerTest.java:20)
at java.base/java.util.ArrayList.forEach(ArrayList.java:1511)
... Removed 25 stack frames]]>
    </failure>
  </testcase> <!-- testReviewJobRole -->
</testsuite> <!-- Reviewer Test -->
