<?xml version="1.0" encoding="UTF-8"?>
<!-- Generated by org.testng.reporters.JUnitXMLReporter -->
<testsuite ignored="0" hostname="AILT-100416" failures="0" tests="6" name="Transcations Submit Flow" time="79.562" errors="0" timestamp="2024-11-06T18:00:47 IST">
  <testcase classname="com.audree.infotech.ums3_0.tests.Transactions.ResetPasswordTest" name="testResetPassword" time="2.774"/>
  <testcase classname="com.audree.infotech.ums3_0.tests.Transactions.IHodNewJobRoleTest" name="testCreateJobRole" time="8.756"/>
  <testcase classname="com.audree.infotech.ums3_0.tests.Transactions.ReviewerTest" name="testReviewJobRole" time="2.431"/>
  <testcase classname="com.audree.infotech.ums3_0.tests.Transactions.FinalReviewerTest" name="testFinalReviewJobRole" time="10.768"/>
  <testcase classname="com.audree.infotech.ums3_0.tests.Transactions.ApproverTest" name="testCreateJobRole" time="2.148"/>
  <testcase classname="com.audree.infotech.ums3_0.tests.Transactions.CreatorTest" name="testCreateJobRole" time="33.261"/>
</testsuite> <!-- Transcations Submit Flow -->
