<?xml version="1.0" encoding="UTF-8"?>
<!-- Generated by org.testng.reporters.JUnitXMLReporter -->
<testsuite ignored="0" hostname="AILT-100416" failures="0" tests="6" name="Transactions Submit Flow" time="79.814" errors="0" timestamp="2024-11-06T18:05:39 IST">
  <testcase classname="com.audree.infotech.ums3_0.tests.Transactions.ChangeJobRoleTest" name="testResetPassword" time="4.982"/>
  <testcase classname="com.audree.infotech.ums3_0.tests.Transactions.IHodNewJobRoleTest" name="testCreateJobRole" time="15.721"/>
  <testcase classname="com.audree.infotech.ums3_0.tests.Transactions.ReviewerTest" name="testReviewJobRole" time="3.188"/>
  <testcase classname="com.audree.infotech.ums3_0.tests.Transactions.FinalReviewerTest" name="testFinalReviewJobRole" time="13.047"/>
  <testcase classname="com.audree.infotech.ums3_0.tests.Transactions.ApproverTest" name="testCreateJobRole" time="5.533"/>
  <testcase classname="com.audree.infotech.ums3_0.tests.Transactions.CreatorTest" name="testCreateJobRole" time="24.829"/>
</testsuite> <!-- Transactions Submit Flow -->
