<?xml version="1.0" encoding="UTF-8"?>
<testng-results ignored="0" total="6" passed="6" failed="0" skipped="0">
  <reporter-output>
  </reporter-output>
  <suite started-at="2024-11-06T18:04:19 IST" name="UMS3.0 Test Suite" finished-at="2024-11-06T18:05:39 IST" duration-ms="79814">
    <groups>
    </groups>
    <test started-at="2024-11-06T18:04:19 IST" name="Transactions Submit Flow" finished-at="2024-11-06T18:05:39 IST" duration-ms="79814">
      <class name="com.audree.infotech.ums3_0.tests.Transactions.CreatorTest">
        <test-method is-config="true" signature="initializeExtentTest()[pri:0, instance:com.audree.infotech.ums3_0.tests.Transactions.CreatorTest@323659f8]" started-at="2024-11-06T18:05:13 IST" name="initializeExtentTest" finished-at="2024-11-06T18:05:13 IST" duration-ms="1" status="PASS">
          <reporter-output>
          </reporter-output>
        </test-method> <!-- initializeExtentTest -->
        <test-method is-config="true" signature="suiteSetUp()[pri:0, instance:com.audree.infotech.ums3_0.tests.Transactions.CreatorTest@323659f8]" started-at="2024-11-06T18:05:13 IST" name="suiteSetUp" finished-at="2024-11-06T18:05:14 IST" duration-ms="1712" status="PASS">
          <reporter-output>
          </reporter-output>
        </test-method> <!-- suiteSetUp -->
        <test-method signature="testCreateJobRole()[pri:0, instance:com.audree.infotech.ums3_0.tests.Transactions.CreatorTest@323659f8]" started-at="2024-11-06T18:05:14 IST" name="testCreateJobRole" finished-at="2024-11-06T18:05:39 IST" duration-ms="24829" status="PASS">
          <reporter-output>
          </reporter-output>
        </test-method> <!-- testCreateJobRole -->
        <test-method is-config="true" signature="EndReport()[pri:0, instance:com.audree.infotech.ums3_0.tests.Transactions.CreatorTest@323659f8]" started-at="2024-11-06T18:05:39 IST" name="EndReport" finished-at="2024-11-06T18:05:39 IST" duration-ms="40" status="PASS">
          <reporter-output>
          </reporter-output>
        </test-method> <!-- EndReport -->
      </class> <!-- com.audree.infotech.ums3_0.tests.Transactions.CreatorTest -->
      <class name="com.audree.infotech.ums3_0.tests.Transactions.ApproverTest">
        <test-method is-config="true" signature="initializeExtentTest()[pri:0, instance:com.audree.infotech.ums3_0.tests.Transactions.ApproverTest@502f8b57]" started-at="2024-11-06T18:05:04 IST" name="initializeExtentTest" finished-at="2024-11-06T18:05:04 IST" duration-ms="1" status="PASS">
          <reporter-output>
          </reporter-output>
        </test-method> <!-- initializeExtentTest -->
        <test-method is-config="true" signature="suiteSetUp()[pri:0, instance:com.audree.infotech.ums3_0.tests.Transactions.ApproverTest@502f8b57]" started-at="2024-11-06T18:05:04 IST" name="suiteSetUp" finished-at="2024-11-06T18:05:07 IST" duration-ms="2507" status="PASS">
          <reporter-output>
          </reporter-output>
        </test-method> <!-- suiteSetUp -->
        <test-method signature="testCreateJobRole()[pri:0, instance:com.audree.infotech.ums3_0.tests.Transactions.ApproverTest@502f8b57]" started-at="2024-11-06T18:05:07 IST" name="testCreateJobRole" finished-at="2024-11-06T18:05:13 IST" duration-ms="5533" status="PASS">
          <reporter-output>
          </reporter-output>
        </test-method> <!-- testCreateJobRole -->
        <test-method is-config="true" signature="EndReport()[pri:0, instance:com.audree.infotech.ums3_0.tests.Transactions.ApproverTest@502f8b57]" started-at="2024-11-06T18:05:13 IST" name="EndReport" finished-at="2024-11-06T18:05:13 IST" duration-ms="68" status="PASS">
          <reporter-output>
          </reporter-output>
        </test-method> <!-- EndReport -->
      </class> <!-- com.audree.infotech.ums3_0.tests.Transactions.ApproverTest -->
      <class name="com.audree.infotech.ums3_0.tests.Transactions.ChangeJobRoleTest">
        <test-method is-config="true" signature="initializeExtentTest()[pri:0, instance:com.audree.infotech.ums3_0.tests.Transactions.ChangeJobRoleTest@3e6fd0b9]" started-at="2024-11-06T18:04:19 IST" name="initializeExtentTest" finished-at="2024-11-06T18:04:19 IST" duration-ms="118" status="PASS">
          <reporter-output>
          </reporter-output>
        </test-method> <!-- initializeExtentTest -->
        <test-method is-config="true" signature="suiteSetUp()[pri:0, instance:com.audree.infotech.ums3_0.tests.Transactions.ChangeJobRoleTest@3e6fd0b9]" started-at="2024-11-06T18:04:19 IST" name="suiteSetUp" finished-at="2024-11-06T18:04:22 IST" duration-ms="2180" status="PASS">
          <reporter-output>
          </reporter-output>
        </test-method> <!-- suiteSetUp -->
        <test-method signature="testResetPassword()[pri:0, instance:com.audree.infotech.ums3_0.tests.Transactions.ChangeJobRoleTest@3e6fd0b9]" started-at="2024-11-06T18:04:22 IST" name="testResetPassword" finished-at="2024-11-06T18:04:27 IST" duration-ms="4982" status="PASS">
          <reporter-output>
          </reporter-output>
        </test-method> <!-- testResetPassword -->
        <test-method is-config="true" signature="EndReport()[pri:0, instance:com.audree.infotech.ums3_0.tests.Transactions.ChangeJobRoleTest@3e6fd0b9]" started-at="2024-11-06T18:04:27 IST" name="EndReport" finished-at="2024-11-06T18:04:27 IST" duration-ms="277" status="PASS">
          <reporter-output>
          </reporter-output>
        </test-method> <!-- EndReport -->
      </class> <!-- com.audree.infotech.ums3_0.tests.Transactions.ChangeJobRoleTest -->
      <class name="com.audree.infotech.ums3_0.tests.Transactions.ReviewerTest">
        <test-method is-config="true" signature="initializeExtentTest()[pri:0, instance:com.audree.infotech.ums3_0.tests.Transactions.ReviewerTest@4ad4936c]" started-at="2024-11-06T18:04:44 IST" name="initializeExtentTest" finished-at="2024-11-06T18:04:44 IST" duration-ms="1" status="PASS">
          <reporter-output>
          </reporter-output>
        </test-method> <!-- initializeExtentTest -->
        <test-method is-config="true" signature="suiteSetUp()[pri:0, instance:com.audree.infotech.ums3_0.tests.Transactions.ReviewerTest@4ad4936c]" started-at="2024-11-06T18:04:44 IST" name="suiteSetUp" finished-at="2024-11-06T18:04:47 IST" duration-ms="2283" status="PASS">
          <reporter-output>
          </reporter-output>
        </test-method> <!-- suiteSetUp -->
        <test-method signature="testReviewJobRole()[pri:0, instance:com.audree.infotech.ums3_0.tests.Transactions.ReviewerTest@4ad4936c]" started-at="2024-11-06T18:04:47 IST" name="testReviewJobRole" finished-at="2024-11-06T18:04:50 IST" duration-ms="3188" status="PASS">
          <reporter-output>
          </reporter-output>
        </test-method> <!-- testReviewJobRole -->
        <test-method is-config="true" signature="EndReport()[pri:0, instance:com.audree.infotech.ums3_0.tests.Transactions.ReviewerTest@4ad4936c]" started-at="2024-11-06T18:04:50 IST" name="EndReport" finished-at="2024-11-06T18:04:50 IST" duration-ms="37" status="PASS">
          <reporter-output>
          </reporter-output>
        </test-method> <!-- EndReport -->
      </class> <!-- com.audree.infotech.ums3_0.tests.Transactions.ReviewerTest -->
      <class name="com.audree.infotech.ums3_0.tests.Transactions.FinalReviewerTest">
        <test-method is-config="true" signature="initializeExtentTest()[pri:0, instance:com.audree.infotech.ums3_0.tests.Transactions.FinalReviewerTest@5d28bcd5]" started-at="2024-11-06T18:04:50 IST" name="initializeExtentTest" finished-at="2024-11-06T18:04:50 IST" duration-ms="1" status="PASS">
          <reporter-output>
          </reporter-output>
        </test-method> <!-- initializeExtentTest -->
        <test-method is-config="true" signature="suiteSetUp()[pri:0, instance:com.audree.infotech.ums3_0.tests.Transactions.FinalReviewerTest@5d28bcd5]" started-at="2024-11-06T18:04:50 IST" name="suiteSetUp" finished-at="2024-11-06T18:04:51 IST" duration-ms="1622" status="PASS">
          <reporter-output>
          </reporter-output>
        </test-method> <!-- suiteSetUp -->
        <test-method signature="testFinalReviewJobRole()[pri:0, instance:com.audree.infotech.ums3_0.tests.Transactions.FinalReviewerTest@5d28bcd5]" started-at="2024-11-06T18:04:51 IST" name="testFinalReviewJobRole" finished-at="2024-11-06T18:05:04 IST" duration-ms="13047" status="PASS">
          <reporter-output>
          </reporter-output>
        </test-method> <!-- testFinalReviewJobRole -->
        <test-method is-config="true" signature="EndReport()[pri:0, instance:com.audree.infotech.ums3_0.tests.Transactions.FinalReviewerTest@5d28bcd5]" started-at="2024-11-06T18:05:04 IST" name="EndReport" finished-at="2024-11-06T18:05:04 IST" duration-ms="51" status="PASS">
          <reporter-output>
          </reporter-output>
        </test-method> <!-- EndReport -->
      </class> <!-- com.audree.infotech.ums3_0.tests.Transactions.FinalReviewerTest -->
      <class name="com.audree.infotech.ums3_0.tests.Transactions.IHodNewJobRoleTest">
        <test-method is-config="true" signature="suiteSetUp()[pri:0, instance:com.audree.infotech.ums3_0.tests.Transactions.IHodNewJobRoleTest@3088660d]" started-at="2024-11-06T18:04:27 IST" name="suiteSetUp" finished-at="2024-11-06T18:04:28 IST" duration-ms="1510" status="PASS">
          <reporter-output>
          </reporter-output>
        </test-method> <!-- suiteSetUp -->
        <test-method is-config="true" signature="initializeExtentTest()[pri:0, instance:com.audree.infotech.ums3_0.tests.Transactions.IHodNewJobRoleTest@3088660d]" started-at="2024-11-06T18:04:27 IST" name="initializeExtentTest" finished-at="2024-11-06T18:04:27 IST" duration-ms="0" status="PASS">
          <reporter-output>
          </reporter-output>
        </test-method> <!-- initializeExtentTest -->
        <test-method signature="testCreateJobRole()[pri:0, instance:com.audree.infotech.ums3_0.tests.Transactions.IHodNewJobRoleTest@3088660d]" started-at="2024-11-06T18:04:28 IST" name="testCreateJobRole" finished-at="2024-11-06T18:04:44 IST" duration-ms="15721" status="PASS">
          <reporter-output>
          </reporter-output>
        </test-method> <!-- testCreateJobRole -->
        <test-method is-config="true" signature="EndReport()[pri:0, instance:com.audree.infotech.ums3_0.tests.Transactions.IHodNewJobRoleTest@3088660d]" started-at="2024-11-06T18:04:44 IST" name="EndReport" finished-at="2024-11-06T18:04:44 IST" duration-ms="52" status="PASS">
          <reporter-output>
          </reporter-output>
        </test-method> <!-- EndReport -->
      </class> <!-- com.audree.infotech.ums3_0.tests.Transactions.IHodNewJobRoleTest -->
    </test> <!-- Transactions Submit Flow -->
  </suite> <!-- UMS3.0 Test Suite -->
</testng-results>
