<?xml version="1.0" encoding="UTF-8"?>
<testng-results ignored="0" total="1" passed="1" failed="0" skipped="0">
  <reporter-output>
  </reporter-output>
  <suite started-at="2024-10-18T16:14:22 IST" name="Default suite" finished-at="2024-10-18T16:14:26 IST" duration-ms="3994">
    <groups>
    </groups>
    <test started-at="2024-10-18T16:14:22 IST" name="Default test" finished-at="2024-10-18T16:14:26 IST" duration-ms="3994">
      <class name="com.audree.infotech.ums3_0.tests.masters.JobRoleTest">
        <test-method is-config="true" signature="initializeExtentTest()[pri:0, instance:com.audree.infotech.ums3_0.tests.masters.JobRoleTest@66d57c1b]" started-at="2024-10-18T16:14:18 IST" name="initializeExtentTest" finished-at="2024-10-18T16:14:19 IST" duration-ms="201" status="PASS">
          <reporter-output>
          </reporter-output>
        </test-method> <!-- initializeExtentTest -->
        <test-method is-config="true" signature="suiteSetUp()[pri:0, instance:com.audree.infotech.ums3_0.tests.masters.JobRoleTest@66d57c1b]" started-at="2024-10-18T16:14:19 IST" name="suiteSetUp" finished-at="2024-10-18T16:14:22 IST" duration-ms="3134" status="PASS">
          <reporter-output>
          </reporter-output>
        </test-method> <!-- suiteSetUp -->
        <test-method signature="testJobRoleCreation()[pri:0, instance:com.audree.infotech.ums3_0.tests.masters.JobRoleTest@66d57c1b]" started-at="2024-10-18T16:14:22 IST" name="testJobRoleCreation" finished-at="2024-10-18T16:14:25 IST" duration-ms="3242" status="PASS">
          <reporter-output>
          </reporter-output>
        </test-method> <!-- testJobRoleCreation -->
        <test-method is-config="true" signature="EndReport()[pri:0, instance:com.audree.infotech.ums3_0.tests.masters.JobRoleTest@66d57c1b]" started-at="2024-10-18T16:14:25 IST" name="EndReport" finished-at="2024-10-18T16:14:26 IST" duration-ms="668" status="PASS">
          <reporter-output>
          </reporter-output>
        </test-method> <!-- EndReport -->
      </class> <!-- com.audree.infotech.ums3_0.tests.masters.JobRoleTest -->
    </test> <!-- Default test -->
  </suite> <!-- Default suite -->
</testng-results>
